Using pre-set license
Built from '2020.3/staging' branch; Version is '2020.3.11f1 (99c7afb366b3) revision 10078127'; Using compiler version '192528614'; Build Type 'Release'
OS: 'Windows 10 Home; OS build 19041.1052; Version 2004; 64bit' Language: 'de' Physical Memory: 16325 MB
BatchMode: 1, IsHumanControllingUs: 0, StartBugReporterOnCrash: 0, Is64bit: 1, IsPro: 0

 COMMAND LINE ARGUMENTS:
G:\Program Files (x86)\Unity\2020.3.11f1\Editor\Unity.exe
-adb2
-batchMode
-noUpm
-name
AssetImportWorker0
-projectPath
G:/Sonstiges/mmp_project/Seuchenrunner
-logFile
Logs/AssetImportWorker0.log
-srvPort
55342
Successfully changed project path to: G:/Sonstiges/mmp_project/Seuchenrunner
G:/Sonstiges/mmp_project/Seuchenrunner
Using Asset Import Pipeline V2.
Refreshing native plugins compatible for Editor in 90.83 ms, found 3 plugins.
Preloading 0 native plugins for Editor in 0.00 ms.
Initialize engine version: 2020.3.11f1 (99c7afb366b3)
[Subsystems] Discovering subsystems at path G:/Program Files (x86)/Unity/2020.3.11f1/Editor/Data/Resources/UnitySubsystems
[Subsystems] Discovering subsystems at path G:/Sonstiges/mmp_project/Seuchenrunner/Assets
GfxDevice: creating device client; threaded=0
Direct3D:
    Version:  Direct3D 11.0 [level 11.1]
    Renderer: NVIDIA GeForce GTX 980 (ID=0x13c0)
    Vendor:   
    VRAM:     4053 MB
    Driver:   27.21.14.5671
Initialize mono
Mono path[0] = 'G:/Program Files (x86)/Unity/2020.3.11f1/Editor/Data/Managed'
Mono path[1] = 'G:/Program Files (x86)/Unity/2020.3.11f1/Editor/Data/MonoBleedingEdge/lib/mono/unityjit'
Mono config path = 'G:/Program Files (x86)/Unity/2020.3.11f1/Editor/Data/MonoBleedingEdge/etc'
Using monoOptions --debugger-agent=transport=dt_socket,embedding=1,server=y,suspend=n,address=127.0.0.1:56760
Begin MonoManager ReloadAssembly
Registering precompiled unity dll's ...
Register platform support module: G:/Program Files (x86)/Unity/2020.3.11f1/Editor/Data/PlaybackEngines/WindowsStandaloneSupport/UnityEditor.WindowsStandalone.Extensions.dll
Registered in 0.002305 seconds.
Native extension for WindowsStandalone target not found
Refreshing native plugins compatible for Editor in 114.83 ms, found 3 plugins.
Preloading 0 native plugins for Editor in 0.00 ms.
Mono: successfully reloaded assembly
- Completed reload, in  1.977 seconds
Platform modules already initialized, skipping
Registering precompiled user dll's ...
Registered in 0.006550 seconds.
Begin MonoManager ReloadAssembly
Native extension for WindowsStandalone target not found
Refreshing native plugins compatible for Editor in 78.09 ms, found 3 plugins.
Preloading 0 native plugins for Editor in 0.00 ms.
Mono: successfully reloaded assembly
- Completed reload, in  1.657 seconds
Platform modules already initialized, skipping
========================================================================
Worker process is ready to serve import requests
Launched and connected shader compiler UnityShaderCompiler.exe after 0.09 seconds
Refreshing native plugins compatible for Editor in 1.13 ms, found 3 plugins.
Preloading 0 native plugins for Editor in 0.00 ms.
Unloading 2131 Unused Serialized files (Serialized files now loaded: 0)
System memory in use before: 98.3 MB.
System memory in use after: 98.3 MB.

Unloading 33 unused Assets to reduce memory usage. Loaded Objects now: 2566.
Total: 3.965700 ms (FindLiveObjects: 0.337700 ms CreateObjectMapping: 0.092500 ms MarkObjects: 3.252200 ms  DeleteObjects: 0.281100 ms)

========================================================================
Received Import Request.
  path: Assets/slip.physicsMaterial2D
  artifactKey: Guid(a8eff221f17365f4db55766b336cfbfe) Importer(815301076,1909f56bfc062723c751e8b465ee728b)
Start importing Assets/slip.physicsMaterial2D using Guid(a8eff221f17365f4db55766b336cfbfe) Importer(815301076,1909f56bfc062723c751e8b465ee728b)  -> (artifact id: '9755f6ed904ba6beb9a973f4eb54d6ff') in 0.055188 seconds
  Import took 0.064599 seconds .

AssetImportWorkerClient::OnTransportError - code=2 error=End of file
