Using pre-set license
Built from '2020.3/staging' branch; Version is '2020.3.11f1 (99c7afb366b3) revision 10078127'; Using compiler version '192528614'; Build Type 'Release'
OS: 'Windows 10 Home; OS build 19043.1110; Version 2009; 64bit' Language: 'de' Physical Memory: 16325 MB
BatchMode: 1, IsHumanControllingUs: 0, StartBugReporterOnCrash: 0, Is64bit: 1, IsPro: 0

 COMMAND LINE ARGUMENTS:
G:\Program Files (x86)\Unity\2020.3.11f1\Editor\Unity.exe
-adb2
-batchMode
-noUpm
-name
AssetImportWorker0
-projectPath
G:/Sonstiges/mmp_project/Seuchenrunner
-logFile
Logs/AssetImportWorker0.log
-srvPort
58678
Successfully changed project path to: G:/Sonstiges/mmp_project/Seuchenrunner
G:/Sonstiges/mmp_project/Seuchenrunner
Using Asset Import Pipeline V2.
Refreshing native plugins compatible for Editor in 75.62 ms, found 3 plugins.
Preloading 0 native plugins for Editor in 0.00 ms.
Initialize engine version: 2020.3.11f1 (99c7afb366b3)
[Subsystems] Discovering subsystems at path G:/Program Files (x86)/Unity/2020.3.11f1/Editor/Data/Resources/UnitySubsystems
[Subsystems] Discovering subsystems at path G:/Sonstiges/mmp_project/Seuchenrunner/Assets
GfxDevice: creating device client; threaded=0
Direct3D:
    Version:  Direct3D 11.0 [level 11.1]
    Renderer: NVIDIA GeForce GTX 980 (ID=0x13c0)
    Vendor:   
    VRAM:     4053 MB
    Driver:   27.21.14.5671
Initialize mono
Mono path[0] = 'G:/Program Files (x86)/Unity/2020.3.11f1/Editor/Data/Managed'
Mono path[1] = 'G:/Program Files (x86)/Unity/2020.3.11f1/Editor/Data/MonoBleedingEdge/lib/mono/unityjit'
Mono config path = 'G:/Program Files (x86)/Unity/2020.3.11f1/Editor/Data/MonoBleedingEdge/etc'
Using monoOptions --debugger-agent=transport=dt_socket,embedding=1,server=y,suspend=n,address=127.0.0.1:56160
Begin MonoManager ReloadAssembly
Registering precompiled unity dll's ...
Register platform support module: G:/Program Files (x86)/Unity/2020.3.11f1/Editor/Data/PlaybackEngines/WindowsStandaloneSupport/UnityEditor.WindowsStandalone.Extensions.dll
Registered in 0.003293 seconds.
Native extension for WindowsStandalone target not found
Refreshing native plugins compatible for Editor in 114.57 ms, found 3 plugins.
Preloading 0 native plugins for Editor in 0.00 ms.
Mono: successfully reloaded assembly
- Completed reload, in  2.618 seconds
Platform modules already initialized, skipping
Registering precompiled user dll's ...
Registered in 0.006615 seconds.
Begin MonoManager ReloadAssembly
Native extension for WindowsStandalone target not found
Refreshing native plugins compatible for Editor in 91.91 ms, found 3 plugins.
Preloading 0 native plugins for Editor in 0.00 ms.
Mono: successfully reloaded assembly
- Completed reload, in  2.614 seconds
Platform modules already initialized, skipping
========================================================================
Worker process is ready to serve import requests
Launched and connected shader compiler UnityShaderCompiler.exe after 0.18 seconds
Refreshing native plugins compatible for Editor in 0.68 ms, found 3 plugins.
Preloading 0 native plugins for Editor in 0.00 ms.
Unloading 2150 Unused Serialized files (Serialized files now loaded: 0)
System memory in use before: 96.4 MB.
System memory in use after: 96.5 MB.

Unloading 28 unused Assets to reduce memory usage. Loaded Objects now: 2590.
Total: 2.807400 ms (FindLiveObjects: 0.301700 ms CreateObjectMapping: 0.263100 ms MarkObjects: 2.161600 ms  DeleteObjects: 0.079300 ms)

========================================================================
Received Import Request.
  path: Assets/Scenes/BaseCityGame.unity
  artifactKey: Guid(91f46c10d0f80e6478619e4223afebe9) Importer(815301076,1909f56bfc062723c751e8b465ee728b)
Start importing Assets/Scenes/BaseCityGame.unity using Guid(91f46c10d0f80e6478619e4223afebe9) Importer(815301076,1909f56bfc062723c751e8b465ee728b)  -> (artifact id: '99edfa1508df4d9fd80bce458d28d80e') in 0.025402 seconds
  Import took 0.031085 seconds .

========================================================================
Received Import Request.
  Time since last request: 78.971950 seconds.
  path: Assets/Scenes/MainMenu.unity
  artifactKey: Guid(00310d026190e404fb3d1ad9d57fbb7b) Importer(815301076,1909f56bfc062723c751e8b465ee728b)
Start importing Assets/Scenes/MainMenu.unity using Guid(00310d026190e404fb3d1ad9d57fbb7b) Importer(815301076,1909f56bfc062723c751e8b465ee728b)  -> (artifact id: '24124986bbc21fe73c665ccbafd58afb') in 0.012831 seconds
  Import took 0.017001 seconds .

========================================================================
Received Import Request.
  Time since last request: 260.574902 seconds.
  path: Assets/Scenes/GameOver.unity
  artifactKey: Guid(f6a5b9fac45653f4ca9c7c6e39ccc572) Importer(815301076,1909f56bfc062723c751e8b465ee728b)
Start importing Assets/Scenes/GameOver.unity using Guid(f6a5b9fac45653f4ca9c7c6e39ccc572) Importer(815301076,1909f56bfc062723c751e8b465ee728b)  -> (artifact id: 'bc676dbd5a56d6362b5963668ef05fb2') in 0.009987 seconds
  Import took 0.014302 seconds .

========================================================================
Received Import Request.
  Time since last request: 1.174650 seconds.
  path: Assets/Scenes/Level2.unity
  artifactKey: Guid(44eac204babc86f4c907227190d06d7e) Importer(815301076,1909f56bfc062723c751e8b465ee728b)
Start importing Assets/Scenes/Level2.unity using Guid(44eac204babc86f4c907227190d06d7e) Importer(815301076,1909f56bfc062723c751e8b465ee728b)  -> (artifact id: '15bd2f0469c0d38f4382ee2459ffb7bc') in 0.009385 seconds
  Import took 0.013223 seconds .

========================================================================
Received Prepare
Registering precompiled user dll's ...
Registered in 0.007352 seconds.
Begin MonoManager ReloadAssembly
Native extension for WindowsStandalone target not found
Refreshing native plugins compatible for Editor in 1.42 ms, found 3 plugins.
Preloading 0 native plugins for Editor in 0.00 ms.
Mono: successfully reloaded assembly
- Completed reload, in  2.202 seconds
Platform modules already initialized, skipping
Refreshing native plugins compatible for Editor in 0.69 ms, found 3 plugins.
Preloading 0 native plugins for Editor in 0.00 ms.
Unloading 2127 Unused Serialized files (Serialized files now loaded: 0)
System memory in use before: 94.6 MB.
System memory in use after: 94.7 MB.

Unloading 16 unused Assets to reduce memory usage. Loaded Objects now: 2594.
Total: 4.163200 ms (FindLiveObjects: 0.225500 ms CreateObjectMapping: 0.109700 ms MarkObjects: 3.753400 ms  DeleteObjects: 0.072000 ms)

AssetImportWorkerClient::OnTransportError - code=2 error=End of file
